

Started GET "/" for 127.0.0.1 at 2014-09-23 23:02:22 -0400
** [Airbrake] Notice was not sent due to configuration:         
  Environment Monitored? false         
  API key set? false

ActiveRecord::PendingMigrationError (Migrations are pending; run 'bin/rake db:migrate RAILS_ENV=development' to resolve this issue.):
  activerecord (4.0.2) lib/active_record/migration.rb:379:in `check_pending!'
  activerecord (4.0.2) lib/active_record/migration.rb:366:in `call'
  actionpack (4.0.2) lib/action_dispatch/middleware/callbacks.rb:29:in `block in call'
  activesupport (4.0.2) lib/active_support/callbacks.rb:373:in `_run__3655037070510648097__call__callbacks'
  activesupport (4.0.2) lib/active_support/callbacks.rb:80:in `run_callbacks'
  actionpack (4.0.2) lib/action_dispatch/middleware/callbacks.rb:27:in `call'
  actionpack (4.0.2) lib/action_dispatch/middleware/reloader.rb:64:in `call'
  actionpack (4.0.2) lib/action_dispatch/middleware/remote_ip.rb:76:in `call'
  airbrake (4.0.0) lib/airbrake/rails/middleware.rb:13:in `call'
  actionpack (4.0.2) lib/action_dispatch/middleware/debug_exceptions.rb:17:in `call'
  actionpack (4.0.2) lib/action_dispatch/middleware/show_exceptions.rb:30:in `call'
  railties (4.0.2) lib/rails/rack/logger.rb:38:in `call_app'
  railties (4.0.2) lib/rails/rack/logger.rb:20:in `block in call'
  activesupport (4.0.2) lib/active_support/tagged_logging.rb:67:in `block in tagged'
  activesupport (4.0.2) lib/active_support/tagged_logging.rb:25:in `tagged'
  activesupport (4.0.2) lib/active_support/tagged_logging.rb:67:in `tagged'
  railties (4.0.2) lib/rails/rack/logger.rb:20:in `call'
  quiet_assets (1.0.3) lib/quiet_assets.rb:23:in `call_with_quiet_assets'
  actionpack (4.0.2) lib/action_dispatch/middleware/request_id.rb:21:in `call'
  rack (1.5.2) lib/rack/methodoverride.rb:21:in `call'
  rack (1.5.2) lib/rack/runtime.rb:17:in `call'
  activesupport (4.0.2) lib/active_support/cache/strategy/local_cache.rb:83:in `call'
  rack (1.5.2) lib/rack/lock.rb:17:in `call'
  actionpack (4.0.2) lib/action_dispatch/middleware/static.rb:64:in `call'
  rack (1.5.2) lib/rack/sendfile.rb:112:in `call'
  airbrake (4.0.0) lib/airbrake/user_informer.rb:16:in `_call'
  airbrake (4.0.0) lib/airbrake/user_informer.rb:12:in `call'
  railties (4.0.2) lib/rails/engine.rb:511:in `call'
  railties (4.0.2) lib/rails/application.rb:97:in `call'
  rack (1.5.2) lib/rack/content_length.rb:14:in `call'
  thin (1.6.2) lib/thin/connection.rb:86:in `block in pre_process'
  thin (1.6.2) lib/thin/connection.rb:84:in `catch'
  thin (1.6.2) lib/thin/connection.rb:84:in `pre_process'
  thin (1.6.2) lib/thin/connection.rb:53:in `process'
  thin (1.6.2) lib/thin/connection.rb:39:in `receive_data'
  eventmachine (1.0.3) lib/eventmachine.rb:187:in `run_machine'
  eventmachine (1.0.3) lib/eventmachine.rb:187:in `run'
  thin (1.6.2) lib/thin/backends/base.rb:73:in `start'
  thin (1.6.2) lib/thin/server.rb:162:in `start'
  rack (1.5.2) lib/rack/handler/thin.rb:16:in `run'
  rack (1.5.2) lib/rack/server.rb:264:in `start'
  railties (4.0.2) lib/rails/commands/server.rb:84:in `start'
  railties (4.0.2) lib/rails/commands.rb:76:in `block in <top (required)>'
  railties (4.0.2) lib/rails/commands.rb:71:in `tap'
  railties (4.0.2) lib/rails/commands.rb:71:in `<top (required)>'
  bin/rails:4:in `require'
  bin/rails:4:in `<main>'


  Rendered /Users/Ronald/.rvm/rubies/ruby-2.1.2/lib/ruby/gems/2.1.0/gems/actionpack-4.0.2/lib/action_dispatch/middleware/templates/rescues/_source.erb (0.7ms)
  Rendered /Users/Ronald/.rvm/rubies/ruby-2.1.2/lib/ruby/gems/2.1.0/gems/actionpack-4.0.2/lib/action_dispatch/middleware/templates/rescues/_trace.erb (1.4ms)
  Rendered /Users/Ronald/.rvm/rubies/ruby-2.1.2/lib/ruby/gems/2.1.0/gems/actionpack-4.0.2/lib/action_dispatch/middleware/templates/rescues/_request_and_response.erb (1.3ms)
  Rendered /Users/Ronald/.rvm/rubies/ruby-2.1.2/lib/ruby/gems/2.1.0/gems/actionpack-4.0.2/lib/action_dispatch/middleware/templates/rescues/diagnostics.erb within rescues/layout (44.9ms)
  [1m[36m (1.0ms)[0m  [1mCREATE TABLE "schema_migrations" ("version" varchar(255) NOT NULL) [0m
  [1m[35m (0.8ms)[0m  CREATE UNIQUE INDEX "unique_schema_migrations" ON "schema_migrations" ("version")
  [1m[36mActiveRecord::SchemaMigration Load (0.1ms)[0m  [1mSELECT "schema_migrations".* FROM "schema_migrations"[0m
Migrating to CreateUsers (20130714124350)
  [1m[35m (0.1ms)[0m  begin transaction
  [1m[36m (0.3ms)[0m  [1mCREATE TABLE "users" ("id" INTEGER PRIMARY KEY AUTOINCREMENT NOT NULL, "name" varchar(255), "about" text, "created_at" datetime, "updated_at" datetime) [0m
  [1m[35mSQL (0.2ms)[0m  INSERT INTO "schema_migrations" ("version") VALUES (?)  [["version", "20130714124350"]]
  [1m[36m (0.8ms)[0m  [1mcommit transaction[0m
Migrating to AddDeviseToUsers (20130714124402)
  [1m[35m (0.1ms)[0m  begin transaction
  [1m[36m (1.1ms)[0m  [1mALTER TABLE "users" ADD "email" varchar(255) DEFAULT ''[0m
  [1m[35m (0.2ms)[0m  ALTER TABLE "users" ADD "encrypted_password" varchar(255) DEFAULT '' NOT NULL
  [1m[36m (0.2ms)[0m  [1mALTER TABLE "users" ADD "reset_password_token" varchar(255)[0m
  [1m[35m (0.1ms)[0m  ALTER TABLE "users" ADD "reset_password_sent_at" datetime
  [1m[36m (0.1ms)[0m  [1mALTER TABLE "users" ADD "remember_created_at" datetime[0m
  [1m[35m (0.2ms)[0m  ALTER TABLE "users" ADD "sign_in_count" integer DEFAULT 0
  [1m[36m (0.1ms)[0m  [1mALTER TABLE "users" ADD "current_sign_in_at" datetime[0m
  [1m[35m (0.1ms)[0m  ALTER TABLE "users" ADD "last_sign_in_at" datetime
  [1m[36m (0.1ms)[0m  [1mALTER TABLE "users" ADD "current_sign_in_ip" varchar(255)[0m
  [1m[35m (0.1ms)[0m  ALTER TABLE "users" ADD "last_sign_in_ip" varchar(255)
  [1m[36m (0.1ms)[0m  [1mALTER TABLE "users" ADD "confirmation_token" varchar(255)[0m
  [1m[35m (0.1ms)[0m  ALTER TABLE "users" ADD "confirmed_at" datetime
  [1m[36m (0.1ms)[0m  [1mALTER TABLE "users" ADD "confirmation_sent_at" datetime[0m
  [1m[35m (0.1ms)[0m  ALTER TABLE "users" ADD "unconfirmed_email" varchar(255)
  [1m[36m (0.1ms)[0m  [1mALTER TABLE "users" ADD "authentication_token" varchar(255)[0m
  [1m[35m (0.9ms)[0m  CREATE UNIQUE INDEX "index_users_on_email" ON "users" ("email")
  [1m[36m (0.1ms)[0m  [1mCREATE UNIQUE INDEX "index_users_on_reset_password_token" ON "users" ("reset_password_token")[0m
  [1m[35m (0.1ms)[0m  CREATE UNIQUE INDEX "index_users_on_confirmation_token" ON "users" ("confirmation_token")
  [1m[36m (0.1ms)[0m  [1mCREATE UNIQUE INDEX "index_users_on_authentication_token" ON "users" ("authentication_token")[0m
  [1m[35mSQL (0.1ms)[0m  INSERT INTO "schema_migrations" ("version") VALUES (?)  [["version", "20130714124402"]]
  [1m[36m (0.7ms)[0m  [1mcommit transaction[0m
Migrating to CreateAuthorizations (20130714145508)
  [1m[35m (0.1ms)[0m  begin transaction
  [1m[36m (0.3ms)[0m  [1mCREATE TABLE "authorizations" ("id" INTEGER PRIMARY KEY AUTOINCREMENT NOT NULL, "provider" varchar(255), "uid" varchar(255), "user_id" integer, "token" varchar(255), "secret" varchar(255), "created_at" datetime, "updated_at" datetime) [0m
  [1m[35mSQL (0.1ms)[0m  INSERT INTO "schema_migrations" ("version") VALUES (?)  [["version", "20130714145508"]]
  [1m[36m (0.7ms)[0m  [1mcommit transaction[0m
Migrating to AddImageToUser (20130714201233)
  [1m[35m (0.1ms)[0m  begin transaction
  [1m[36m (0.4ms)[0m  [1mALTER TABLE "users" ADD "image" varchar(255)[0m
  [1m[35mSQL (0.1ms)[0m  INSERT INTO "schema_migrations" ("version") VALUES (?)  [["version", "20130714201233"]]
  [1m[36m (0.6ms)[0m  [1mcommit transaction[0m
Migrating to AddUsernameToAuthorization (20130714204601)
  [1m[35m (0.1ms)[0m  begin transaction
  [1m[36m (0.4ms)[0m  [1mALTER TABLE "authorizations" ADD "username" varchar(255)[0m
  [1m[35mSQL (0.1ms)[0m  INSERT INTO "schema_migrations" ("version") VALUES (?)  [["version", "20130714204601"]]
  [1m[36m (0.7ms)[0m  [1mcommit transaction[0m
Migrating to AddLocationToUsers (20130714210222)
  [1m[35m (0.1ms)[0m  begin transaction
  [1m[36m (0.5ms)[0m  [1mALTER TABLE "users" ADD "location" varchar(255)[0m
  [1m[35mSQL (0.1ms)[0m  INSERT INTO "schema_migrations" ("version") VALUES (?)  [["version", "20130714210222"]]
  [1m[36m (0.5ms)[0m  [1mcommit transaction[0m
Migrating to AddUsernameToUsers (20130714212638)
  [1m[35m (0.1ms)[0m  begin transaction
  [1m[36m (0.4ms)[0m  [1mALTER TABLE "users" ADD "username" varchar(255)[0m
  [1m[35mSQL (0.1ms)[0m  INSERT INTO "schema_migrations" ("version") VALUES (?)  [["version", "20130714212638"]]
  [1m[36m (0.7ms)[0m  [1mcommit transaction[0m
Migrating to DeviseCreateAdminUsers (20131108204716)
  [1m[35m (0.1ms)[0m  begin transaction
  [1m[36m (0.3ms)[0m  [1mCREATE TABLE "admin_users" ("id" INTEGER PRIMARY KEY AUTOINCREMENT NOT NULL, "email" varchar(255) DEFAULT '' NOT NULL, "encrypted_password" varchar(255) DEFAULT '' NOT NULL, "reset_password_token" varchar(255), "reset_password_sent_at" datetime, "remember_created_at" datetime, "sign_in_count" integer DEFAULT 0, "current_sign_in_at" datetime, "last_sign_in_at" datetime, "current_sign_in_ip" varchar(255), "last_sign_in_ip" varchar(255), "created_at" datetime, "updated_at" datetime) [0m
  [1m[35m (0.3ms)[0m  CREATE UNIQUE INDEX "index_admin_users_on_email" ON "admin_users" ("email")
  [1m[36m (0.1ms)[0m  [1mCREATE UNIQUE INDEX "index_admin_users_on_reset_password_token" ON "admin_users" ("reset_password_token")[0m
  [1m[35mAdminUser Exists (0.1ms)[0m  SELECT 1 AS one FROM "admin_users" WHERE "admin_users"."email" = 'admin@cbs.com' LIMIT 1
Binary data inserted for `string` type on column `encrypted_password`
  [1m[36mSQL (3.6ms)[0m  [1mINSERT INTO "admin_users" ("created_at", "email", "encrypted_password", "updated_at") VALUES (?, ?, ?, ?)[0m  [["created_at", Wed, 24 Sep 2014 03:02:39 UTC +00:00], ["email", "admin@cbs.com"], ["encrypted_password", "$2a$10$okZLwWdM7yyVxYWV2b9ScutREiKDQ7x1P.97hKRx5yb5rq7JYgHuS"], ["updated_at", Wed, 24 Sep 2014 03:02:39 UTC +00:00]]
  [1m[35mSQL (0.1ms)[0m  INSERT INTO "schema_migrations" ("version") VALUES (?)  [["version", "20131108204716"]]
  [1m[36m (0.7ms)[0m  [1mcommit transaction[0m
Migrating to CreateAdminNotes (20131108204722)
  [1m[35m (0.1ms)[0m  begin transaction
  [1m[36m (0.3ms)[0m  [1mCREATE TABLE "admin_notes" ("id" INTEGER PRIMARY KEY AUTOINCREMENT NOT NULL, "resource_id" varchar(255) NOT NULL, "resource_type" varchar(255) NOT NULL, "admin_user_id" integer, "admin_user_type" varchar(255), "body" text, "created_at" datetime, "updated_at" datetime) [0m
  [1m[35m (0.1ms)[0m  CREATE INDEX "index_admin_notes_on_resource_type_and_resource_id" ON "admin_notes" ("resource_type", "resource_id")
  [1m[36m (0.1ms)[0m  [1mCREATE INDEX "index_admin_notes_on_admin_user_type_and_admin_user_id" ON "admin_notes" ("admin_user_type", "admin_user_id")[0m
  [1m[35mSQL (0.1ms)[0m  INSERT INTO "schema_migrations" ("version") VALUES (?)  [["version", "20131108204722"]]
  [1m[36m (0.6ms)[0m  [1mcommit transaction[0m
Migrating to MoveAdminNotesToComments (20131108204723)
  [1m[35m (0.1ms)[0m  begin transaction
  [1m[36m (0.2ms)[0m  [1mDROP INDEX "index_admin_notes_on_admin_user_type_and_admin_user_id"[0m
  [1m[35m (0.2ms)[0m  ALTER TABLE "admin_notes" RENAME TO "active_admin_comments"
  [1m[36m (0.3ms)[0m  [1mDROP INDEX "index_admin_notes_on_resource_type_and_resource_id"[0m
  [1m[35m (0.1ms)[0m  CREATE INDEX "index_active_admin_comments_on_resource_type_and_resource_id" ON "active_admin_comments" ("resource_type", "resource_id")
  [1m[36m (0.3ms)[0m  [1mCREATE TEMPORARY TABLE "aactive_admin_comments" ("id" INTEGER PRIMARY KEY AUTOINCREMENT NOT NULL, "resource_id" varchar(255) NOT NULL, "resource_type" varchar(255) NOT NULL, "admin_user_id" integer, "author_type" varchar(255), "body" text, "created_at" datetime, "updated_at" datetime) [0m
  [1m[35m (0.1ms)[0m  CREATE INDEX "tindex_aactive_admin_comments_on_resource_type_and_resource_id" ON "aactive_admin_comments" ("resource_type", "resource_id")
  [1m[36m (0.0ms)[0m  [1mSELECT * FROM "active_admin_comments"[0m
  [1m[35m (0.1ms)[0m  DROP TABLE "active_admin_comments"
  [1m[36m (0.1ms)[0m  [1mCREATE TABLE "active_admin_comments" ("id" INTEGER PRIMARY KEY AUTOINCREMENT NOT NULL, "resource_id" varchar(255) NOT NULL, "resource_type" varchar(255) NOT NULL, "admin_user_id" integer, "author_type" varchar(255), "body" text, "created_at" datetime, "updated_at" datetime) [0m
  [1m[35m (0.1ms)[0m  CREATE INDEX "index_active_admin_comments_on_resource_type_and_resource_id" ON "active_admin_comments" ("resource_type", "resource_id")
  [1m[36m (0.0ms)[0m  [1mSELECT * FROM "aactive_admin_comments"[0m
  [1m[35m (0.3ms)[0m  DROP TABLE "aactive_admin_comments"
  [1m[36m (0.1ms)[0m  [1mCREATE TEMPORARY TABLE "aactive_admin_comments" ("id" INTEGER PRIMARY KEY AUTOINCREMENT NOT NULL, "resource_id" varchar(255) NOT NULL, "resource_type" varchar(255) NOT NULL, "author_id" integer, "author_type" varchar(255), "body" text, "created_at" datetime, "updated_at" datetime) [0m
  [1m[35m (0.1ms)[0m  CREATE INDEX "tindex_aactive_admin_comments_on_resource_type_and_resource_id" ON "aactive_admin_comments" ("resource_type", "resource_id")
  [1m[36m (0.0ms)[0m  [1mSELECT * FROM "active_admin_comments"[0m
  [1m[35m (0.1ms)[0m  DROP TABLE "active_admin_comments"
  [1m[36m (0.1ms)[0m  [1mCREATE TABLE "active_admin_comments" ("id" INTEGER PRIMARY KEY AUTOINCREMENT NOT NULL, "resource_id" varchar(255) NOT NULL, "resource_type" varchar(255) NOT NULL, "author_id" integer, "author_type" varchar(255), "body" text, "created_at" datetime, "updated_at" datetime) [0m
  [1m[35m (0.1ms)[0m  CREATE INDEX "index_active_admin_comments_on_resource_type_and_resource_id" ON "active_admin_comments" ("resource_type", "resource_id")
  [1m[36m (0.0ms)[0m  [1mSELECT * FROM "aactive_admin_comments"[0m
  [1m[35m (0.1ms)[0m  DROP TABLE "aactive_admin_comments"
  [1m[36m (0.2ms)[0m  [1mALTER TABLE "active_admin_comments" ADD "namespace" varchar(255)[0m
  [1m[35m (0.1ms)[0m  CREATE INDEX "index_active_admin_comments_on_namespace" ON "active_admin_comments" ("namespace")
  [1m[36m (0.1ms)[0m  [1mCREATE INDEX "index_active_admin_comments_on_author_type_and_author_id" ON "active_admin_comments" ("author_type", "author_id")[0m
  [1m[35m (0.1ms)[0m  UPDATE active_admin_comments SET namespace='admin'
  [1m[36mSQL (0.1ms)[0m  [1mINSERT INTO "schema_migrations" ("version") VALUES (?)[0m  [["version", "20131108204723"]]
  [1m[35m (0.9ms)[0m  commit transaction
  [1m[36mActiveRecord::SchemaMigration Load (0.1ms)[0m  [1mSELECT "schema_migrations".* FROM "schema_migrations"[0m


Started GET "/" for 127.0.0.1 at 2014-09-23 23:02:58 -0400
  [1m[36mActiveRecord::SchemaMigration Load (0.1ms)[0m  [1mSELECT "schema_migrations".* FROM "schema_migrations"[0m
Processing by PagesController#landing as HTML
  Rendered pages/landing.html.erb within layouts/application (1.7ms)
  [1m[35mUser Load (0.2ms)[0m  SELECT "users".* FROM "users" WHERE "users"."id" = 1 ORDER BY "users"."id" ASC LIMIT 1
Completed 200 OK in 5509ms (Views: 5496.4ms | ActiveRecord: 0.5ms)


Started GET "/" for 127.0.0.1 at 2014-09-23 23:03:04 -0400
Processing by PagesController#landing as HTML
  Rendered pages/landing.html.erb within layouts/application (0.1ms)
  [1m[36mUser Load (0.2ms)[0m  [1mSELECT "users".* FROM "users" WHERE "users"."id" = 1 ORDER BY "users"."id" ASC LIMIT 1[0m
Completed 200 OK in 18ms (Views: 17.0ms | ActiveRecord: 0.2ms)


Started GET "/users/sign_in" for 127.0.0.1 at 2014-09-23 23:03:12 -0400
Processing by Devise::SessionsController#new as HTML
  Rendered /Users/Ronald/.rvm/rubies/ruby-2.1.2/lib/ruby/gems/2.1.0/gems/devise-3.2.4/app/views/devise/shared/_links.erb (2.6ms)
  Rendered /Users/Ronald/.rvm/rubies/ruby-2.1.2/lib/ruby/gems/2.1.0/gems/devise-3.2.4/app/views/devise/sessions/new.html.erb within layouts/application (28.5ms)
Completed 200 OK in 69ms (Views: 48.6ms | ActiveRecord: 0.1ms)


Started GET "/users/auth/twitter" for 127.0.0.1 at 2014-09-23 23:03:20 -0400


Started GET "/users/auth/twitter" for 127.0.0.1 at 2014-09-23 23:03:21 -0400


Started GET "/users/auth/twitter/callback?oauth_token=IROaxJDif7AwY1xNJJ5SvBqNUqlMhbRm&oauth_verifier=LWgjMKNvqrXin8IQt4i7926I4AJgEcy9" for 127.0.0.1 at 2014-09-23 23:03:22 -0400
Processing by OmniauthCallbacksController#twitter as HTML
  Parameters: {"oauth_token"=>"IROaxJDif7AwY1xNJJ5SvBqNUqlMhbRm", "oauth_verifier"=>"LWgjMKNvqrXin8IQt4i7926I4AJgEcy9"}
  [1m[35mAuthorization Load (0.2ms)[0m  SELECT "authorizations".* FROM "authorizations" WHERE "authorizations"."provider" = 'twitter' AND "authorizations"."uid" = '43778482' AND "authorizations"."token" = '43778482-uyWzZYS7u2PK5zbvxEcFL2IUio2JyRqB5nJp1bYsq' AND "authorizations"."secret" = 'RbLVXcFz1S9ET5a6h8L8p86vfSNmfX6b8WTuC4GZ40ITq' ORDER BY "authorizations"."id" ASC LIMIT 1
  [1m[36mUser Load (0.2ms)[0m  [1mSELECT "users".* FROM "users" WHERE (email = NULL) ORDER BY "users"."id" ASC LIMIT 1[0m
  [1m[35m (0.3ms)[0m  begin transaction
Binary data inserted for `string` type on column `encrypted_password`
  [1m[36mSQL (2.0ms)[0m  [1mINSERT INTO "users" ("created_at", "email", "encrypted_password", "name", "updated_at") VALUES (?, ?, ?, ?, ?)[0m  [["created_at", Wed, 24 Sep 2014 03:03:22 UTC +00:00], ["email", nil], ["encrypted_password", "$2a$10$2HjtkfJQBnurXpSP.h/cduCWvAFze/c1hHKC36pomn.estCVp0aua"], ["name", "Ron"], ["updated_at", Wed, 24 Sep 2014 03:03:22 UTC +00:00]]
  [1m[35m (0.7ms)[0m  commit transaction
  [1m[36m (0.1ms)[0m  [1mbegin transaction[0m
  [1m[35mSQL (0.3ms)[0m  INSERT INTO "authorizations" ("created_at", "provider", "secret", "token", "uid", "updated_at", "user_id", "username") VALUES (?, ?, ?, ?, ?, ?, ?, ?)  [["created_at", Wed, 24 Sep 2014 03:03:22 UTC +00:00], ["provider", "twitter"], ["secret", "RbLVXcFz1S9ET5a6h8L8p86vfSNmfX6b8WTuC4GZ40ITq"], ["token", "43778482-uyWzZYS7u2PK5zbvxEcFL2IUio2JyRqB5nJp1bYsq"], ["uid", "43778482"], ["updated_at", Wed, 24 Sep 2014 03:03:22 UTC +00:00], ["user_id", 1], ["username", "MatiOhtli"]]
  [1m[36m (0.6ms)[0m  [1mcommit transaction[0m
  [1m[35mUser Load (0.2ms)[0m  SELECT "users".* FROM "users" WHERE "users"."id" = ? ORDER BY "users"."id" ASC LIMIT 1  [["id", 1]]
  [1m[36m (0.1ms)[0m  [1mbegin transaction[0m
Binary data inserted for `string` type on column `last_sign_in_ip`
Binary data inserted for `string` type on column `current_sign_in_ip`
  [1m[35mSQL (0.6ms)[0m  UPDATE "users" SET "last_sign_in_at" = ?, "current_sign_in_at" = ?, "last_sign_in_ip" = ?, "current_sign_in_ip" = ?, "sign_in_count" = ?, "updated_at" = ? WHERE "users"."id" = 1  [["last_sign_in_at", Wed, 24 Sep 2014 03:03:22 UTC +00:00], ["current_sign_in_at", Wed, 24 Sep 2014 03:03:22 UTC +00:00], ["last_sign_in_ip", "127.0.0.1"], ["current_sign_in_ip", "127.0.0.1"], ["sign_in_count", 1], ["updated_at", Wed, 24 Sep 2014 03:03:22 UTC +00:00]]
  [1m[36m (0.6ms)[0m  [1mcommit transaction[0m
Redirected to http://localhost:3000/
Completed 302 Found in 129ms (ActiveRecord: 6.1ms)


Started GET "/" for 127.0.0.1 at 2014-09-23 23:03:22 -0400
Processing by PagesController#landing as HTML
  Rendered pages/landing.html.erb within layouts/application (0.0ms)
  [1m[35mUser Load (0.2ms)[0m  SELECT "users".* FROM "users" WHERE "users"."id" = 1 ORDER BY "users"."id" ASC LIMIT 1
Completed 200 OK in 17ms (Views: 15.5ms | ActiveRecord: 0.2ms)


Started GET "/users/sign_out" for 127.0.0.1 at 2014-09-23 23:03:25 -0400
Processing by Devise::SessionsController#destroy as HTML
  [1m[36mUser Load (0.2ms)[0m  [1mSELECT "users".* FROM "users" WHERE "users"."id" = 1 ORDER BY "users"."id" ASC LIMIT 1[0m
  [1m[35m (0.1ms)[0m  begin transaction
  [1m[36m (0.2ms)[0m  [1mcommit transaction[0m
Redirected to http://localhost:3000/
Completed 302 Found in 27ms (ActiveRecord: 0.5ms)


Started GET "/" for 127.0.0.1 at 2014-09-23 23:03:25 -0400
Processing by PagesController#landing as HTML
  Rendered pages/landing.html.erb within layouts/application (0.3ms)
Completed 200 OK in 23ms (Views: 22.2ms | ActiveRecord: 0.0ms)


Started GET "/" for 127.0.0.1 at 2014-09-23 23:03:37 -0400
Processing by PagesController#landing as HTML
  Rendered pages/landing.html.erb within layouts/application (0.0ms)
Completed 200 OK in 19ms (Views: 18.3ms | ActiveRecord: 0.0ms)


Started GET "/" for 127.0.0.1 at 2014-09-23 23:48:34 -0400
  [1m[36mActiveRecord::SchemaMigration Load (0.4ms)[0m  [1mSELECT "schema_migrations".* FROM "schema_migrations"[0m
Processing by PagesController#landing as HTML
  Rendered pages/landing.html.erb within layouts/application (2.2ms)
Completed 200 OK in 2181ms (Views: 2167.5ms | ActiveRecord: 0.0ms)


Started GET "/" for 127.0.0.1 at 2014-09-23 23:48:36 -0400
Processing by PagesController#landing as HTML
  Rendered pages/landing.html.erb within layouts/application (0.0ms)
Completed 200 OK in 15ms (Views: 14.4ms | ActiveRecord: 0.0ms)
